{"C:\\Users\\rutch\\Documents\\pernTodoAuth\\server\\app.js": {"path":"C:\\Users\\rutch\\Documents\\pernTodoAuth\\server\\app.js","statementMap":{"0":{"start":{"line":1,"column":16},"end":{"line":1,"column":34}},"1":{"start":{"line":2,"column":13},"end":{"line":2,"column":28}},"2":{"start":{"line":3,"column":0},"end":{"line":3,"column":27}},"3":{"start":{"line":5,"column":12},"end":{"line":5,"column":21}},"4":{"start":{"line":8,"column":0},"end":{"line":8,"column":16}},"5":{"start":{"line":9,"column":0},"end":{"line":9,"column":24}},"6":{"start":{"line":12,"column":0},"end":{"line":12,"column":60}},"7":{"start":{"line":13,"column":0},"end":{"line":13,"column":57}},"8":{"start":{"line":15,"column":0},"end":{"line":15,"column":21}}},"fnMap":{},"branchMap":{},"s":{"0":2,"1":2,"2":2,"3":2,"4":2,"5":2,"6":2,"7":2,"8":2},"f":{},"b":{},"_coverageSchema":"1a1c01bbd47fc00a2c39e90264f33305004495a9","hash":"f9179c9b16107ca3772e814b8ab2bad1f3ca3f75"}
,"C:\\Users\\rutch\\Documents\\pernTodoAuth\\server\\server.js": {"path":"C:\\Users\\rutch\\Documents\\pernTodoAuth\\server\\server.js","statementMap":{"0":{"start":{"line":1,"column":16},"end":{"line":1,"column":34}},"1":{"start":{"line":2,"column":12},"end":{"line":2,"column":28}},"2":{"start":{"line":3,"column":13},"end":{"line":3,"column":37}},"3":{"start":{"line":5,"column":15},"end":{"line":7,"column":2}},"4":{"start":{"line":6,"column":2},"end":{"line":6,"column":52}},"5":{"start":{"line":9,"column":0},"end":{"line":13,"column":1}},"6":{"start":{"line":10,"column":4},"end":{"line":10,"column":37}},"7":{"start":{"line":12,"column":4},"end":{"line":12,"column":25}}},"fnMap":{"0":{"name":"(anonymous_0)","decl":{"start":{"line":5,"column":32},"end":{"line":5,"column":33}},"loc":{"start":{"line":5,"column":38},"end":{"line":7,"column":1}},"line":5}},"branchMap":{"0":{"loc":{"start":{"line":3,"column":13},"end":{"line":3,"column":37}},"type":"binary-expr","locations":[{"start":{"line":3,"column":13},"end":{"line":3,"column":29}},{"start":{"line":3,"column":33},"end":{"line":3,"column":37}}],"line":3},"1":{"loc":{"start":{"line":9,"column":0},"end":{"line":13,"column":1}},"type":"if","locations":[{"start":{"line":9,"column":0},"end":{"line":13,"column":1}},{"start":{"line":11,"column":7},"end":{"line":13,"column":1}}],"line":9}},"s":{"0":2,"1":2,"2":2,"3":2,"4":2,"5":2,"6":2,"7":0},"f":{"0":2},"b":{"0":[2,2],"1":[2,0]},"_coverageSchema":"1a1c01bbd47fc00a2c39e90264f33305004495a9","hash":"5fc99155af57fddd42aa25b09dbc15d21c37f08c"}
,"C:\\Users\\rutch\\Documents\\pernTodoAuth\\server\\src\\db.js": {"path":"C:\\Users\\rutch\\Documents\\pernTodoAuth\\server\\src\\db.js","statementMap":{"0":{"start":{"line":1,"column":13},"end":{"line":1,"column":31}},"1":{"start":{"line":3,"column":13},"end":{"line":9,"column":2}},"2":{"start":{"line":11,"column":0},"end":{"line":11,"column":22}}},"fnMap":{},"branchMap":{},"s":{"0":1,"1":1,"2":1},"f":{},"b":{},"_coverageSchema":"1a1c01bbd47fc00a2c39e90264f33305004495a9","hash":"23c909fc06cf1afde351ca40d22ea3c8dbf7d460"}
,"C:\\Users\\rutch\\Documents\\pernTodoAuth\\server\\src\\middleware\\authorize.js": {"path":"C:\\Users\\rutch\\Documents\\pernTodoAuth\\server\\src\\middleware\\authorize.js","statementMap":{"0":{"start":{"line":1,"column":12},"end":{"line":1,"column":35}},"1":{"start":{"line":2,"column":0},"end":{"line":2,"column":27}},"2":{"start":{"line":6,"column":0},"end":{"line":25,"column":2}},"3":{"start":{"line":8,"column":16},"end":{"line":8,"column":39}},"4":{"start":{"line":11,"column":2},"end":{"line":13,"column":3}},"5":{"start":{"line":12,"column":4},"end":{"line":12,"column":65}},"6":{"start":{"line":16,"column":2},"end":{"line":24,"column":3}},"7":{"start":{"line":18,"column":19},"end":{"line":18,"column":59}},"8":{"start":{"line":20,"column":4},"end":{"line":20,"column":27}},"9":{"start":{"line":21,"column":4},"end":{"line":21,"column":11}},"10":{"start":{"line":23,"column":4},"end":{"line":23,"column":56}}},"fnMap":{"0":{"name":"(anonymous_0)","decl":{"start":{"line":6,"column":17},"end":{"line":6,"column":18}},"loc":{"start":{"line":6,"column":42},"end":{"line":25,"column":1}},"line":6}},"branchMap":{"0":{"loc":{"start":{"line":11,"column":2},"end":{"line":13,"column":3}},"type":"if","locations":[{"start":{"line":11,"column":2},"end":{"line":13,"column":3}},{"start":{},"end":{}}],"line":11}},"s":{"0":2,"1":2,"2":2,"3":4,"4":4,"5":0,"6":4,"7":4,"8":4,"9":4,"10":0},"f":{"0":4},"b":{"0":[0,4]},"_coverageSchema":"1a1c01bbd47fc00a2c39e90264f33305004495a9","hash":"9c8bba078e9bb2648b8190fc31e474cdfc61e450"}
,"C:\\Users\\rutch\\Documents\\pernTodoAuth\\server\\src\\middleware\\validInfo.js": {"path":"C:\\Users\\rutch\\Documents\\pernTodoAuth\\server\\src\\middleware\\validInfo.js","statementMap":{"0":{"start":{"line":1,"column":0},"end":{"line":23,"column":2}},"1":{"start":{"line":2,"column":36},"end":{"line":2,"column":44}},"2":{"start":{"line":5,"column":4},"end":{"line":5,"column":75}},"3":{"start":{"line":8,"column":2},"end":{"line":20,"column":3}},"4":{"start":{"line":9,"column":4},"end":{"line":13,"column":5}},"5":{"start":{"line":10,"column":6},"end":{"line":10,"column":66}},"6":{"start":{"line":11,"column":11},"end":{"line":13,"column":5}},"7":{"start":{"line":12,"column":6},"end":{"line":12,"column":60}},"8":{"start":{"line":14,"column":9},"end":{"line":20,"column":3}},"9":{"start":{"line":15,"column":4},"end":{"line":19,"column":5}},"10":{"start":{"line":16,"column":6},"end":{"line":16,"column":66}},"11":{"start":{"line":17,"column":11},"end":{"line":19,"column":5}},"12":{"start":{"line":18,"column":6},"end":{"line":18,"column":60}},"13":{"start":{"line":22,"column":2},"end":{"line":22,"column":9}}},"fnMap":{"0":{"name":"(anonymous_0)","decl":{"start":{"line":1,"column":17},"end":{"line":1,"column":18}},"loc":{"start":{"line":1,"column":42},"end":{"line":23,"column":1}},"line":1},"1":{"name":"validEmail","decl":{"start":{"line":4,"column":11},"end":{"line":4,"column":21}},"loc":{"start":{"line":4,"column":33},"end":{"line":6,"column":3}},"line":4}},"branchMap":{"0":{"loc":{"start":{"line":8,"column":2},"end":{"line":20,"column":3}},"type":"if","locations":[{"start":{"line":8,"column":2},"end":{"line":20,"column":3}},{"start":{"line":14,"column":9},"end":{"line":20,"column":3}}],"line":8},"1":{"loc":{"start":{"line":9,"column":4},"end":{"line":13,"column":5}},"type":"if","locations":[{"start":{"line":9,"column":4},"end":{"line":13,"column":5}},{"start":{"line":11,"column":11},"end":{"line":13,"column":5}}],"line":9},"2":{"loc":{"start":{"line":11,"column":11},"end":{"line":13,"column":5}},"type":"if","locations":[{"start":{"line":11,"column":11},"end":{"line":13,"column":5}},{"start":{},"end":{}}],"line":11},"3":{"loc":{"start":{"line":14,"column":9},"end":{"line":20,"column":3}},"type":"if","locations":[{"start":{"line":14,"column":9},"end":{"line":20,"column":3}},{"start":{},"end":{}}],"line":14},"4":{"loc":{"start":{"line":15,"column":4},"end":{"line":19,"column":5}},"type":"if","locations":[{"start":{"line":15,"column":4},"end":{"line":19,"column":5}},{"start":{"line":17,"column":11},"end":{"line":19,"column":5}}],"line":15},"5":{"loc":{"start":{"line":17,"column":11},"end":{"line":19,"column":5}},"type":"if","locations":[{"start":{"line":17,"column":11},"end":{"line":19,"column":5}},{"start":{},"end":{}}],"line":17}},"s":{"0":2,"1":3,"2":3,"3":3,"4":1,"5":0,"6":1,"7":0,"8":2,"9":2,"10":0,"11":2,"12":0,"13":3},"f":{"0":3,"1":3},"b":{"0":[1,2],"1":[0,1],"2":[0,1],"3":[2,0],"4":[0,2],"5":[0,2]},"_coverageSchema":"1a1c01bbd47fc00a2c39e90264f33305004495a9","hash":"6b00cd5f7dc331fd5db6e0cbee0cce5c7b3cbe80"}
,"C:\\Users\\rutch\\Documents\\pernTodoAuth\\server\\src\\routes\\dashboard.js": {"path":"C:\\Users\\rutch\\Documents\\pernTodoAuth\\server\\src\\routes\\dashboard.js","statementMap":{"0":{"start":{"line":1,"column":15},"end":{"line":1,"column":42}},"1":{"start":{"line":2,"column":18},"end":{"line":2,"column":52}},"2":{"start":{"line":3,"column":13},"end":{"line":3,"column":29}},"3":{"start":{"line":7,"column":0},"end":{"line":19,"column":2}},"4":{"start":{"line":8,"column":4},"end":{"line":18,"column":5}},"5":{"start":{"line":9,"column":21},"end":{"line":12,"column":9}},"6":{"start":{"line":14,"column":8},"end":{"line":14,"column":28}},"7":{"start":{"line":17,"column":8},"end":{"line":17,"column":35}},"8":{"start":{"line":23,"column":0},"end":{"line":36,"column":2}},"9":{"start":{"line":24,"column":4},"end":{"line":35,"column":5}},"10":{"start":{"line":25,"column":42},"end":{"line":25,"column":50}},"11":{"start":{"line":26,"column":24},"end":{"line":29,"column":9}},"12":{"start":{"line":31,"column":8},"end":{"line":31,"column":34}},"13":{"start":{"line":34,"column":8},"end":{"line":34,"column":35}},"14":{"start":{"line":40,"column":0},"end":{"line":56,"column":2}},"15":{"start":{"line":41,"column":4},"end":{"line":55,"column":5}},"16":{"start":{"line":42,"column":23},"end":{"line":42,"column":33}},"17":{"start":{"line":43,"column":32},"end":{"line":43,"column":40}},"18":{"start":{"line":44,"column":27},"end":{"line":46,"column":9}},"19":{"start":{"line":48,"column":8},"end":{"line":50,"column":9}},"20":{"start":{"line":49,"column":12},"end":{"line":49,"column":54}},"21":{"start":{"line":52,"column":8},"end":{"line":52,"column":37}},"22":{"start":{"line":54,"column":8},"end":{"line":54,"column":35}},"23":{"start":{"line":60,"column":0},"end":{"line":73,"column":2}},"24":{"start":{"line":61,"column":4},"end":{"line":72,"column":5}},"25":{"start":{"line":62,"column":23},"end":{"line":62,"column":33}},"26":{"start":{"line":63,"column":27},"end":{"line":63,"column":131}},"27":{"start":{"line":65,"column":8},"end":{"line":67,"column":9}},"28":{"start":{"line":66,"column":12},"end":{"line":66,"column":54}},"29":{"start":{"line":69,"column":8},"end":{"line":69,"column":36}},"30":{"start":{"line":71,"column":8},"end":{"line":71,"column":35}},"31":{"start":{"line":76,"column":0},"end":{"line":121,"column":3}},"32":{"start":{"line":77,"column":4},"end":{"line":120,"column":5}},"33":{"start":{"line":79,"column":8},"end":{"line":79,"column":47}},"34":{"start":{"line":82,"column":51},"end":{"line":82,"column":59}},"35":{"start":{"line":83,"column":23},"end":{"line":83,"column":34}},"36":{"start":{"line":85,"column":26},"end":{"line":85,"column":47}},"37":{"start":{"line":86,"column":8},"end":{"line":88,"column":9}},"38":{"start":{"line":87,"column":12},"end":{"line":87,"column":77}},"39":{"start":{"line":91,"column":26},"end":{"line":94,"column":9}},"40":{"start":{"line":99,"column":8},"end":{"line":101,"column":9}},"41":{"start":{"line":100,"column":12},"end":{"line":100,"column":100}},"42":{"start":{"line":104,"column":8},"end":{"line":107,"column":10}},"43":{"start":{"line":110,"column":27},"end":{"line":110,"column":131}},"44":{"start":{"line":112,"column":8},"end":{"line":114,"column":9}},"45":{"start":{"line":113,"column":12},"end":{"line":113,"column":54}},"46":{"start":{"line":116,"column":8},"end":{"line":116,"column":53}},"47":{"start":{"line":118,"column":8},"end":{"line":118,"column":59}},"48":{"start":{"line":119,"column":8},"end":{"line":119,"column":56}},"49":{"start":{"line":126,"column":0},"end":{"line":139,"column":3}},"50":{"start":{"line":127,"column":2},"end":{"line":138,"column":3}},"51":{"start":{"line":128,"column":19},"end":{"line":128,"column":30}},"52":{"start":{"line":129,"column":22},"end":{"line":132,"column":5}},"53":{"start":{"line":134,"column":4},"end":{"line":134,"column":29}},"54":{"start":{"line":136,"column":4},"end":{"line":136,"column":31}},"55":{"start":{"line":137,"column":4},"end":{"line":137,"column":41}},"56":{"start":{"line":142,"column":0},"end":{"line":161,"column":3}},"57":{"start":{"line":143,"column":2},"end":{"line":160,"column":3}},"58":{"start":{"line":144,"column":19},"end":{"line":144,"column":29}},"59":{"start":{"line":145,"column":19},"end":{"line":145,"column":30}},"60":{"start":{"line":147,"column":27},"end":{"line":150,"column":5}},"61":{"start":{"line":152,"column":4},"end":{"line":154,"column":5}},"62":{"start":{"line":153,"column":6},"end":{"line":153,"column":65}},"63":{"start":{"line":156,"column":4},"end":{"line":156,"column":34}},"64":{"start":{"line":158,"column":4},"end":{"line":158,"column":31}},"65":{"start":{"line":159,"column":4},"end":{"line":159,"column":41}},"66":{"start":{"line":163,"column":0},"end":{"line":163,"column":24}}},"fnMap":{"0":{"name":"(anonymous_0)","decl":{"start":{"line":7,"column":27},"end":{"line":7,"column":28}},"loc":{"start":{"line":7,"column":46},"end":{"line":19,"column":1}},"line":7},"1":{"name":"(anonymous_1)","decl":{"start":{"line":23,"column":33},"end":{"line":23,"column":34}},"loc":{"start":{"line":23,"column":52},"end":{"line":36,"column":1}},"line":23},"2":{"name":"(anonymous_2)","decl":{"start":{"line":40,"column":36},"end":{"line":40,"column":37}},"loc":{"start":{"line":40,"column":55},"end":{"line":56,"column":1}},"line":40},"3":{"name":"(anonymous_3)","decl":{"start":{"line":60,"column":39},"end":{"line":60,"column":40}},"loc":{"start":{"line":60,"column":58},"end":{"line":73,"column":1}},"line":60},"4":{"name":"(anonymous_4)","decl":{"start":{"line":76,"column":32},"end":{"line":76,"column":33}},"loc":{"start":{"line":76,"column":52},"end":{"line":121,"column":1}},"line":76},"5":{"name":"(anonymous_5)","decl":{"start":{"line":126,"column":31},"end":{"line":126,"column":32}},"loc":{"start":{"line":126,"column":51},"end":{"line":139,"column":1}},"line":126},"6":{"name":"(anonymous_6)","decl":{"start":{"line":142,"column":38},"end":{"line":142,"column":39}},"loc":{"start":{"line":142,"column":58},"end":{"line":161,"column":1}},"line":142}},"branchMap":{"0":{"loc":{"start":{"line":48,"column":8},"end":{"line":50,"column":9}},"type":"if","locations":[{"start":{"line":48,"column":8},"end":{"line":50,"column":9}},{"start":{},"end":{}}],"line":48},"1":{"loc":{"start":{"line":65,"column":8},"end":{"line":67,"column":9}},"type":"if","locations":[{"start":{"line":65,"column":8},"end":{"line":67,"column":9}},{"start":{},"end":{}}],"line":65},"2":{"loc":{"start":{"line":86,"column":8},"end":{"line":88,"column":9}},"type":"if","locations":[{"start":{"line":86,"column":8},"end":{"line":88,"column":9}},{"start":{},"end":{}}],"line":86},"3":{"loc":{"start":{"line":99,"column":8},"end":{"line":101,"column":9}},"type":"if","locations":[{"start":{"line":99,"column":8},"end":{"line":101,"column":9}},{"start":{},"end":{}}],"line":99},"4":{"loc":{"start":{"line":112,"column":8},"end":{"line":114,"column":9}},"type":"if","locations":[{"start":{"line":112,"column":8},"end":{"line":114,"column":9}},{"start":{},"end":{}}],"line":112},"5":{"loc":{"start":{"line":152,"column":4},"end":{"line":154,"column":5}},"type":"if","locations":[{"start":{"line":152,"column":4},"end":{"line":154,"column":5}},{"start":{},"end":{}}],"line":152}},"s":{"0":2,"1":2,"2":2,"3":2,"4":0,"5":0,"6":0,"7":0,"8":2,"9":1,"10":1,"11":1,"12":1,"13":0,"14":2,"15":1,"16":1,"17":1,"18":1,"19":1,"20":0,"21":1,"22":0,"23":2,"24":1,"25":1,"26":1,"27":1,"28":0,"29":1,"30":0,"31":2,"32":1,"33":1,"34":1,"35":1,"36":1,"37":1,"38":0,"39":1,"40":1,"41":0,"42":1,"43":1,"44":1,"45":0,"46":1,"47":0,"48":0,"49":2,"50":0,"51":0,"52":0,"53":0,"54":0,"55":0,"56":2,"57":0,"58":0,"59":0,"60":0,"61":0,"62":0,"63":0,"64":0,"65":0,"66":2},"f":{"0":0,"1":1,"2":1,"3":1,"4":1,"5":0,"6":0},"b":{"0":[0,1],"1":[0,1],"2":[0,1],"3":[0,1],"4":[0,1],"5":[0,0]},"_coverageSchema":"1a1c01bbd47fc00a2c39e90264f33305004495a9","hash":"a64609de040b5d73a1ecfeef9e75609bca8598f4"}
,"C:\\Users\\rutch\\Documents\\pernTodoAuth\\server\\src\\routes\\jwtAuth.js": {"path":"C:\\Users\\rutch\\Documents\\pernTodoAuth\\server\\src\\routes\\jwtAuth.js","statementMap":{"0":{"start":{"line":1,"column":16},"end":{"line":1,"column":34}},"1":{"start":{"line":2,"column":15},"end":{"line":2,"column":31}},"2":{"start":{"line":3,"column":15},"end":{"line":3,"column":32}},"3":{"start":{"line":4,"column":13},"end":{"line":4,"column":29}},"4":{"start":{"line":5,"column":18},"end":{"line":5,"column":52}},"5":{"start":{"line":6,"column":21},"end":{"line":6,"column":56}},"6":{"start":{"line":7,"column":18},"end":{"line":7,"column":52}},"7":{"start":{"line":11,"column":0},"end":{"line":38,"column":3}},"8":{"start":{"line":12,"column":36},"end":{"line":12,"column":44}},"9":{"start":{"line":14,"column":2},"end":{"line":37,"column":3}},"10":{"start":{"line":15,"column":17},"end":{"line":17,"column":6}},"11":{"start":{"line":19,"column":4},"end":{"line":21,"column":5}},"12":{"start":{"line":20,"column":6},"end":{"line":20,"column":57}},"13":{"start":{"line":23,"column":17},"end":{"line":23,"column":41}},"14":{"start":{"line":24,"column":27},"end":{"line":24,"column":60}},"15":{"start":{"line":26,"column":18},"end":{"line":29,"column":5}},"16":{"start":{"line":31,"column":21},"end":{"line":31,"column":58}},"17":{"start":{"line":33,"column":4},"end":{"line":33,"column":34}},"18":{"start":{"line":35,"column":4},"end":{"line":35,"column":31}},"19":{"start":{"line":36,"column":4},"end":{"line":36,"column":41}},"20":{"start":{"line":40,"column":0},"end":{"line":66,"column":3}},"21":{"start":{"line":41,"column":30},"end":{"line":41,"column":38}},"22":{"start":{"line":43,"column":2},"end":{"line":65,"column":3}},"23":{"start":{"line":44,"column":17},"end":{"line":46,"column":6}},"24":{"start":{"line":48,"column":4},"end":{"line":50,"column":5}},"25":{"start":{"line":49,"column":6},"end":{"line":49,"column":65}},"26":{"start":{"line":52,"column":26},"end":{"line":55,"column":5}},"27":{"start":{"line":57,"column":4},"end":{"line":59,"column":5}},"28":{"start":{"line":58,"column":6},"end":{"line":58,"column":65}},"29":{"start":{"line":60,"column":21},"end":{"line":60,"column":55}},"30":{"start":{"line":61,"column":4},"end":{"line":61,"column":34}},"31":{"start":{"line":63,"column":4},"end":{"line":63,"column":31}},"32":{"start":{"line":64,"column":4},"end":{"line":64,"column":41}},"33":{"start":{"line":68,"column":0},"end":{"line":75,"column":3}},"34":{"start":{"line":69,"column":2},"end":{"line":74,"column":3}},"35":{"start":{"line":70,"column":4},"end":{"line":70,"column":19}},"36":{"start":{"line":72,"column":4},"end":{"line":72,"column":31}},"37":{"start":{"line":73,"column":4},"end":{"line":73,"column":41}},"38":{"start":{"line":77,"column":0},"end":{"line":77,"column":24}}},"fnMap":{"0":{"name":"(anonymous_0)","decl":{"start":{"line":11,"column":36},"end":{"line":11,"column":37}},"loc":{"start":{"line":11,"column":56},"end":{"line":38,"column":1}},"line":11},"1":{"name":"(anonymous_1)","decl":{"start":{"line":40,"column":33},"end":{"line":40,"column":34}},"loc":{"start":{"line":40,"column":53},"end":{"line":66,"column":1}},"line":40},"2":{"name":"(anonymous_2)","decl":{"start":{"line":68,"column":34},"end":{"line":68,"column":35}},"loc":{"start":{"line":68,"column":48},"end":{"line":75,"column":1}},"line":68}},"branchMap":{"0":{"loc":{"start":{"line":19,"column":4},"end":{"line":21,"column":5}},"type":"if","locations":[{"start":{"line":19,"column":4},"end":{"line":21,"column":5}},{"start":{},"end":{}}],"line":19},"1":{"loc":{"start":{"line":48,"column":4},"end":{"line":50,"column":5}},"type":"if","locations":[{"start":{"line":48,"column":4},"end":{"line":50,"column":5}},{"start":{},"end":{}}],"line":48},"2":{"loc":{"start":{"line":57,"column":4},"end":{"line":59,"column":5}},"type":"if","locations":[{"start":{"line":57,"column":4},"end":{"line":59,"column":5}},{"start":{},"end":{}}],"line":57}},"s":{"0":2,"1":2,"2":2,"3":2,"4":2,"5":2,"6":2,"7":2,"8":1,"9":1,"10":1,"11":1,"12":0,"13":1,"14":1,"15":1,"16":1,"17":1,"18":0,"19":0,"20":2,"21":2,"22":2,"23":2,"24":2,"25":1,"26":1,"27":1,"28":0,"29":1,"30":1,"31":0,"32":0,"33":2,"34":0,"35":0,"36":0,"37":0,"38":2},"f":{"0":1,"1":2,"2":0},"b":{"0":[0,1],"1":[1,1],"2":[0,1]},"_coverageSchema":"1a1c01bbd47fc00a2c39e90264f33305004495a9","hash":"29714c9804e19e140162c3f42f8aedf6de6859cc"}
,"C:\\Users\\rutch\\Documents\\pernTodoAuth\\server\\utils\\jwtGenerator.js": {"path":"C:\\Users\\rutch\\Documents\\pernTodoAuth\\server\\utils\\jwtGenerator.js","statementMap":{"0":{"start":{"line":1,"column":12},"end":{"line":1,"column":35}},"1":{"start":{"line":2,"column":0},"end":{"line":2,"column":27}},"2":{"start":{"line":5,"column":18},"end":{"line":9,"column":3}},"3":{"start":{"line":11,"column":2},"end":{"line":11,"column":71}},"4":{"start":{"line":14,"column":0},"end":{"line":14,"column":30}}},"fnMap":{"0":{"name":"jwtGenerator","decl":{"start":{"line":4,"column":9},"end":{"line":4,"column":21}},"loc":{"start":{"line":4,"column":31},"end":{"line":12,"column":1}},"line":4}},"branchMap":{},"s":{"0":2,"1":2,"2":2,"3":2,"4":2},"f":{"0":2},"b":{},"_coverageSchema":"1a1c01bbd47fc00a2c39e90264f33305004495a9","hash":"5a4fc90a2744ae7a1fb1516004c34d72c60739ab"}
}
