TN:
SF:app.js
FNF:0
FNH:0
DA:1,2
DA:2,2
DA:3,2
DA:5,2
DA:8,2
DA:9,2
DA:12,2
DA:13,2
DA:15,2
LF:9
LH:9
BRF:0
BRH:0
end_of_record
TN:
SF:server.js
FN:5,(anonymous_0)
FNF:1
FNH:1
FNDA:2,(anonymous_0)
DA:1,2
DA:2,2
DA:3,2
DA:5,2
DA:6,2
DA:9,2
DA:10,2
DA:12,0
LF:8
LH:7
BRDA:3,0,0,2
BRDA:3,0,1,2
BRDA:9,1,0,2
BRDA:9,1,1,0
BRF:4
BRH:3
end_of_record
TN:
SF:src\db.js
FNF:0
FNH:0
DA:1,1
DA:3,1
DA:11,1
LF:3
LH:3
BRF:0
BRH:0
end_of_record
TN:
SF:src\middleware\authorize.js
FN:6,(anonymous_0)
FNF:1
FNH:1
FNDA:4,(anonymous_0)
DA:1,2
DA:2,2
DA:6,2
DA:8,4
DA:11,4
DA:12,0
DA:16,4
DA:18,4
DA:20,4
DA:21,4
DA:23,0
LF:11
LH:9
BRDA:11,0,0,0
BRDA:11,0,1,4
BRF:2
BRH:1
end_of_record
TN:
SF:src\middleware\validInfo.js
FN:1,(anonymous_0)
FN:4,validEmail
FNF:2
FNH:2
FNDA:3,(anonymous_0)
FNDA:3,validEmail
DA:1,2
DA:2,3
DA:5,3
DA:8,3
DA:9,1
DA:10,0
DA:11,1
DA:12,0
DA:14,2
DA:15,2
DA:16,0
DA:17,2
DA:18,0
DA:22,3
LF:14
LH:10
BRDA:8,0,0,1
BRDA:8,0,1,2
BRDA:9,1,0,0
BRDA:9,1,1,1
BRDA:11,2,0,0
BRDA:11,2,1,1
BRDA:14,3,0,2
BRDA:14,3,1,0
BRDA:15,4,0,0
BRDA:15,4,1,2
BRDA:17,5,0,0
BRDA:17,5,1,2
BRF:12
BRH:7
end_of_record
TN:
SF:src\routes\dashboard.js
FN:7,(anonymous_0)
FN:23,(anonymous_1)
FN:40,(anonymous_2)
FN:60,(anonymous_3)
FN:76,(anonymous_4)
FN:126,(anonymous_5)
FN:142,(anonymous_6)
FNF:7
FNH:4
FNDA:0,(anonymous_0)
FNDA:1,(anonymous_1)
FNDA:1,(anonymous_2)
FNDA:1,(anonymous_3)
FNDA:1,(anonymous_4)
FNDA:0,(anonymous_5)
FNDA:0,(anonymous_6)
DA:1,2
DA:2,2
DA:3,2
DA:7,2
DA:8,0
DA:9,0
DA:14,0
DA:17,0
DA:23,2
DA:24,1
DA:25,1
DA:26,1
DA:31,1
DA:34,0
DA:40,2
DA:41,1
DA:42,1
DA:43,1
DA:44,1
DA:48,1
DA:49,0
DA:52,1
DA:54,0
DA:60,2
DA:61,1
DA:62,1
DA:63,1
DA:65,1
DA:66,0
DA:69,1
DA:71,0
DA:76,2
DA:77,1
DA:79,1
DA:82,1
DA:83,1
DA:85,1
DA:86,1
DA:87,0
DA:91,1
DA:99,1
DA:100,0
DA:104,1
DA:110,1
DA:112,1
DA:113,0
DA:116,1
DA:118,0
DA:119,0
DA:126,2
DA:127,0
DA:128,0
DA:129,0
DA:134,0
DA:136,0
DA:137,0
DA:142,2
DA:143,0
DA:144,0
DA:145,0
DA:147,0
DA:152,0
DA:153,0
DA:156,0
DA:158,0
DA:159,0
DA:163,2
LF:67
LH:38
BRDA:48,0,0,0
BRDA:48,0,1,1
BRDA:65,1,0,0
BRDA:65,1,1,1
BRDA:86,2,0,0
BRDA:86,2,1,1
BRDA:99,3,0,0
BRDA:99,3,1,1
BRDA:112,4,0,0
BRDA:112,4,1,1
BRDA:152,5,0,0
BRDA:152,5,1,0
BRF:12
BRH:5
end_of_record
TN:
SF:src\routes\jwtAuth.js
FN:11,(anonymous_0)
FN:40,(anonymous_1)
FN:68,(anonymous_2)
FNF:3
FNH:2
FNDA:1,(anonymous_0)
FNDA:2,(anonymous_1)
FNDA:0,(anonymous_2)
DA:1,2
DA:2,2
DA:3,2
DA:4,2
DA:5,2
DA:6,2
DA:7,2
DA:11,2
DA:12,1
DA:14,1
DA:15,1
DA:19,1
DA:20,0
DA:23,1
DA:24,1
DA:26,1
DA:31,1
DA:33,1
DA:35,0
DA:36,0
DA:40,2
DA:41,2
DA:43,2
DA:44,2
DA:48,2
DA:49,1
DA:52,1
DA:57,1
DA:58,0
DA:60,1
DA:61,1
DA:63,0
DA:64,0
DA:68,2
DA:69,0
DA:70,0
DA:72,0
DA:73,0
DA:77,2
LF:39
LH:29
BRDA:19,0,0,0
BRDA:19,0,1,1
BRDA:48,1,0,1
BRDA:48,1,1,1
BRDA:57,2,0,0
BRDA:57,2,1,1
BRF:6
BRH:4
end_of_record
TN:
SF:utils\jwtGenerator.js
FN:4,jwtGenerator
FNF:1
FNH:1
FNDA:2,jwtGenerator
DA:1,2
DA:2,2
DA:5,2
DA:11,2
DA:14,2
LF:5
LH:5
BRF:0
BRH:0
end_of_record
